# JRE version: Java(TM) SE Runtime Environment (8.0_45-b15) (build 1.8.0_45-b15)
# Java VM: Java HotSpot(TM) 64-Bit Server VM (25.45-b02 mixed mode windows-amd64 compressed oops)
Heap:
 PSYoungGen      total 459776K, used 230400K [0x00000000d5f00000, 0x0000000100000000, 0x0000000100000000)
  eden space 230400K, 100% used [0x00000000d5f00000,0x00000000e4000000,0x00000000e4000000)
  from space 229376K, 0% used [0x00000000f2000000,0x00000000f2000000,0x0000000100000000)
  to   space 229376K, 0% used [0x00000000e4000000,0x00000000e4000000,0x00000000f2000000)
 ParOldGen       total 1379328K, used 1378851K [0x0000000081c00000, 0x00000000d5f00000, 0x00000000d5f00000)
  object space 1379328K, 99% used [0x0000000081c00000,0x00000000d5e88ef0,0x00000000d5f00000)
 Metaspace       used 5897K, capacity 6162K, committed 6400K, reserved 1056768K
  class space    used 648K, capacity 733K, committed 768K, reserved 1048576K
GC Heap History (10 events):
Event: 361.354 GC heap after
Heap after GC invocations=91 (full 35):
 PSYoungGen      total 459776K, used 229428K [0x00000000d5f00000, 0x0000000100000000, 0x0000000100000000)
  eden space 230400K, 99% used [0x00000000d5f00000,0x00000000e3f0d0d0,0x00000000e4000000)
  from space 229376K, 0% used [0x00000000f2000000,0x00000000f2000000,0x0000000100000000)
  to   space 229376K, 0% used [0x00000000e4000000,0x00000000e4000000,0x00000000f2000000)
 ParOldGen       total 1379328K, used 1378851K [0x0000000081c00000, 0x00000000d5f00000, 0x00000000d5f00000)
  object space 1379328K, 99% used [0x0000000081c00000,0x00000000d5e88ef0,0x00000000d5f00000)
 Metaspace       used 5897K, capacity 6162K, committed 6400K, reserved 1056768K
  class space    used 648K, capacity 733K, committed 768K, reserved 1048576K
}
Event: 361.356 GC heap before
{Heap before GC invocations=92 (full 36):
 PSYoungGen      total 459776K, used 230400K [0x00000000d5f00000, 0x0000000100000000, 0x0000000100000000)
  eden space 230400K, 100% used [0x00000000d5f00000,0x00000000e4000000,0x00000000e4000000)
  from space 229376K, 0% used [0x00000000f2000000,0x00000000f2000000,0x0000000100000000)
  to   space 229376K, 0% used [0x00000000e4000000,0x00000000e4000000,0x00000000f2000000)
 ParOldGen       total 1379328K, used 1378851K [0x0000000081c00000, 0x00000000d5f00000, 0x00000000d5f00000)
  object space 1379328K, 99% used [0x0000000081c00000,0x00000000d5e88ef0,0x00000000d5f00000)
 Metaspace       used 5897K, capacity 6162K, committed 6400K, reserved 1056768K
  class space    used 648K, capacity 733K, committed 768K, reserved 1048576K
Event: 362.309 GC heap after
Heap after GC invocations=92 (full 36):
 PSYoungGen      total 459776K, used 229641K [0x00000000d5f00000, 0x0000000100000000, 0x0000000100000000)
  eden space 230400K, 99% used [0x00000000d5f00000,0x00000000e3f42778,0x00000000e4000000)
  from space 229376K, 0% used [0x00000000f2000000,0x00000000f2000000,0x0000000100000000)
  to   space 229376K, 0% used [0x00000000e4000000,0x00000000e4000000,0x00000000f2000000)
 ParOldGen       total 1379328K, used 1378851K [0x0000000081c00000, 0x00000000d5f00000, 0x00000000d5f00000)
  object space 1379328K, 99% used [0x0000000081c00000,0x00000000d5e88ef0,0x00000000d5f00000)
 Metaspace       used 5897K, capacity 6162K, committed 6400K, reserved 1056768K
  class space    used 648K, capacity 733K, committed 768K, reserved 1048576K
}
Event: 362.311 GC heap before
{Heap before GC invocations=93 (full 37):
 PSYoungGen      total 459776K, used 230400K [0x00000000d5f00000, 0x0000000100000000, 0x0000000100000000)
  eden space 230400K, 100% used [0x00000000d5f00000,0x00000000e4000000,0x00000000e4000000)
  from space 229376K, 0% used [0x00000000f2000000,0x00000000f2000000,0x0000000100000000)
  to   space 229376K, 0% used [0x00000000e4000000,0x00000000e4000000,0x00000000f2000000)
 ParOldGen       total 1379328K, used 1378851K [0x0000000081c00000, 0x00000000d5f00000, 0x00000000d5f00000)
  object space 1379328K, 99% used [0x0000000081c00000,0x00000000d5e88ef0,0x00000000d5f00000)
 Metaspace       used 5897K, capacity 6162K, committed 6400K, reserved 1056768K
  class space    used 648K, capacity 733K, committed 768K, reserved 1048576K
Event: 363.292 GC heap after
Heap after GC invocations=93 (full 37):
 PSYoungGen      total 459776K, used 229811K [0x00000000d5f00000, 0x0000000100000000, 0x0000000100000000)
  eden space 230400K, 99% used [0x00000000d5f00000,0x00000000e3f6ce90,0x00000000e4000000)
  from space 229376K, 0% used [0x00000000f2000000,0x00000000f2000000,0x0000000100000000)
  to   space 229376K, 0% used [0x00000000e4000000,0x00000000e4000000,0x00000000f2000000)
 ParOldGen       total 1379328K, used 1378851K [0x0000000081c00000, 0x00000000d5f00000, 0x00000000d5f00000)
  object space 1379328K, 99% used [0x0000000081c00000,0x00000000d5e88ef0,0x00000000d5f00000)
 Metaspace       used 5897K, capacity 6162K, committed 6400K, reserved 1056768K
  class space    used 648K, capacity 733K, committed 768K, reserved 1048576K
}
Event: 363.293 GC heap before
{Heap before GC invocations=94 (full 38):
 PSYoungGen      total 459776K, used 230400K [0x00000000d5f00000, 0x0000000100000000, 0x0000000100000000)
  eden space 230400K, 100% used [0x00000000d5f00000,0x00000000e4000000,0x00000000e4000000)
  from space 229376K, 0% used [0x00000000f2000000,0x00000000f2000000,0x0000000100000000)
  to   space 229376K, 0% used [0x00000000e4000000,0x00000000e4000000,0x00000000f2000000)
 ParOldGen       total 1379328K, used 1378851K [0x0000000081c00000, 0x00000000d5f00000, 0x00000000d5f00000)
  object space 1379328K, 99% used [0x0000000081c00000,0x00000000d5e88ef0,0x00000000d5f00000)
 Metaspace       used 5897K, capacity 6162K, committed 6400K, reserved 1056768K
  class space    used 648K, capacity 733K, committed 768K, reserved 1048576K
Event: 364.489 GC heap after
Heap after GC invocations=94 (full 38):
 PSYoungGen      total 459776K, used 229944K [0x00000000d5f00000, 0x0000000100000000, 0x0000000100000000)
  eden space 230400K, 99% used [0x00000000d5f00000,0x00000000e3f8e1a8,0x00000000e4000000)
  from space 229376K, 0% used [0x00000000f2000000,0x00000000f2000000,0x0000000100000000)
  to   space 229376K, 0% used [0x00000000e4000000,0x00000000e4000000,0x00000000f2000000)
 ParOldGen       total 1379328K, used 1378851K [0x0000000081c00000, 0x00000000d5f00000, 0x00000000d5f00000)
  object space 1379328K, 99% used [0x0000000081c00000,0x00000000d5e88ef0,0x00000000d5f00000)
 Metaspace       used 5897K, capacity 6162K, committed 6400K, reserved 1056768K
  class space    used 648K, capacity 733K, committed 768K, reserved 1048576K
}
Event: 364.490 GC heap before
{Heap before GC invocations=95 (full 39):
 PSYoungGen      total 459776K, used 230400K [0x00000000d5f00000, 0x0000000100000000, 0x0000000100000000)
  eden space 230400K, 100% used [0x00000000d5f00000,0x00000000e4000000,0x00000000e4000000)
  from space 229376K, 0% used [0x00000000f2000000,0x00000000f2000000,0x0000000100000000)
  to   space 229376K, 0% used [0x00000000e4000000,0x00000000e4000000,0x00000000f2000000)
 ParOldGen       total 1379328K, used 1378851K [0x0000000081c00000, 0x00000000d5f00000, 0x00000000d5f00000)
  object space 1379328K, 99% used [0x0000000081c00000,0x00000000d5e88ef0,0x00000000d5f00000)
 Metaspace       used 5897K, capacity 6162K, committed 6400K, reserved 1056768K
  class space    used 648K, capacity 733K, committed 768K, reserved 1048576K
Event: 365.550 GC heap after
Heap after GC invocations=95 (full 39):
 PSYoungGen      total 459776K, used 230047K [0x00000000d5f00000, 0x0000000100000000, 0x0000000100000000)
  eden space 230400K, 99% used [0x00000000d5f00000,0x00000000e3fa7df8,0x00000000e4000000)
  from space 229376K, 0% used [0x00000000f2000000,0x00000000f2000000,0x0000000100000000)
  to   space 229376K, 0% used [0x00000000e4000000,0x00000000e4000000,0x00000000f2000000)
 ParOldGen       total 1379328K, used 1378851K [0x0000000081c00000, 0x00000000d5f00000, 0x00000000d5f00000)
  object space 1379328K, 99% used [0x0000000081c00000,0x00000000d5e88ef0,0x00000000d5f00000)
 Metaspace       used 5897K, capacity 6162K, committed 6400K, reserved 1056768K
  class space    used 648K, capacity 733K, committed 768K, reserved 1048576K
}
Event: 365.551 GC heap before
{Heap before GC invocations=96 (full 40):
 PSYoungGen      total 459776K, used 230400K [0x00000000d5f00000, 0x0000000100000000, 0x0000000100000000)
  eden space 230400K, 100% used [0x00000000d5f00000,0x00000000e4000000,0x00000000e4000000)
  from space 229376K, 0% used [0x00000000f2000000,0x00000000f2000000,0x0000000100000000)
  to   space 229376K, 0% used [0x00000000e4000000,0x00000000e4000000,0x00000000f2000000)
 ParOldGen       total 1379328K, used 1378851K [0x0000000081c00000, 0x00000000d5f00000, 0x00000000d5f00000)
  object space 1379328K, 99% used [0x0000000081c00000,0x00000000d5e88ef0,0x00000000d5f00000)
 Metaspace       used 5897K, capacity 6162K, committed 6400K, reserved 1056768K
  class space    used 648K, capacity 733K, committed 768K, reserved 1048576K

